#
# There is insufficient memory for the Java Runtime Environment to continue.
# Native memory allocation (malloc) failed to allocate 238176 bytes for Chunk::new
# Possible reasons:
#   The system is out of physical RAM or swap space
#   In 32 bit mode, the process size limit was hit
# Possible solutions:
#   Reduce memory load on the system
#   Increase physical memory or swap space
#   Check if swap backing store is full
#   Use 64 bit Java on a 64 bit OS
#   Decrease Java heap size (-Xmx/-Xms)
#   Decrease number of Java threads
#   Decrease Java thread stack sizes (-Xss)
#   Set larger code cache with -XX:ReservedCodeCacheSize=
# This output file may be truncated or incomplete.
#
#  Out of Memory Error (allocation.cpp:390), pid=7356, tid=7712
#
# JRE version: Java(TM) SE Runtime Environment (8.0_45-b15) (build 1.8.0_45-b15)
# Java VM: Java HotSpot(TM) 64-Bit Server VM (25.45-b02 mixed mode windows-amd64 compressed oops)
# Failed to write core dump. Minidumps are not enabled by default on client versions of Windows
#

---------------  T H R E A D  ---------------

Current thread (0x0000000056724800):  JavaThread "C2 CompilerThread1" daemon [_thread_in_native, id=7712, stack(0x0000000058130000,0x0000000058230000)]

Stack: [0x0000000058130000,0x0000000058230000]
Native frames: (J=compiled Java code, j=interpreted, Vv=VM code, C=native code)
V  [jvm.dll+0x32b57a]
V  [jvm.dll+0x279873]
V  [jvm.dll+0x27a509]
V  [jvm.dll+0x271825]
V  [jvm.dll+0xcb9e2]
V  [jvm.dll+0xcbeac]
V  [jvm.dll+0x476ef2]
V  [jvm.dll+0x4b955f]
V  [jvm.dll+0x46b6b5]
V  [jvm.dll+0x46ccbe]
V  [jvm.dll+0x4500f2]
V  [jvm.dll+0xa4352]
V  [jvm.dll+0xa4c8f]
V  [jvm.dll+0x241984]
V  [jvm.dll+0x29853a]
C  [msvcr100.dll+0x21d9f]
C  [msvcr100.dll+0x21e3b]
C  [kernel32.dll+0x159ed]
C  [ntdll.dll+0x2c541]


Current CompileTask:
C2:   2496  903       4       com.android.dx.ssa.back.LivenessAnalyzer::handleTailRecursion (94 bytes)


---------------  P R O C E S S  ---------------

Java Threads: ( => current thread )
  0x0000000056a19000 JavaThread "pool-1-thread-4" [_thread_in_Java, id=7864, stack(0x0000000058c60000,0x0000000058d60000)]
  0x0000000056a17000 JavaThread "pool-1-thread-3" [_thread_in_Java, id=7860, stack(0x0000000058aa0000,0x0000000058ba0000)]
  0x0000000056a15800 JavaThread "pool-1-thread-2" [_thread_in_Java, id=7856, stack(0x00000000588d0000,0x00000000589d0000)]
  0x0000000056a13800 JavaThread "pool-2-thread-1" [_thread_blocked, id=7848, stack(0x0000000058780000,0x0000000058880000)]
  0x0000000056a13000 JavaThread "pool-1-thread-1" [_thread_in_Java, id=7840, stack(0x0000000058580000,0x0000000058680000)]
  0x00000000567ae000 JavaThread "Service Thread" daemon [_thread_blocked, id=7772, stack(0x0000000058280000,0x0000000058380000)]
  0x0000000056726000 JavaThread "C1 CompilerThread3" daemon [_thread_in_native, id=7736, stack(0x0000000057a30000,0x0000000057b30000)]
  0x0000000056725000 JavaThread "C2 CompilerThread2" daemon [_thread_in_native, id=7720, stack(0x0000000057e90000,0x0000000057f90000)]
=>0x0000000056724800 JavaThread "C2 CompilerThread1" daemon [_thread_in_native, id=7712, stack(0x0000000058130000,0x0000000058230000)]
  0x0000000056711800 JavaThread "C2 CompilerThread0" daemon [_thread_in_native, id=7692, stack(0x0000000057fa0000,0x00000000580a0000)]
  0x0000000056710800 JavaThread "Attach Listener" daemon [_thread_blocked, id=7676, stack(0x0000000057d50000,0x0000000057e50000)]
  0x000000005671e800 JavaThread "Signal Dispatcher" daemon [_thread_blocked, id=7672, stack(0x0000000057b80000,0x0000000057c80000)]
  0x0000000055755800 JavaThread "Finalizer" daemon [_thread_blocked, id=7660, stack(0x0000000057630000,0x0000000057730000)]
  0x0000000055754800 JavaThread "Reference Handler" daemon [_thread_blocked, id=7648, stack(0x0000000057900000,0x0000000057a00000)]
  0x00000000024ae000 JavaThread "main" [_thread_in_Java, id=7488, stack(0x00000000026d0000,0x00000000027d0000)]

Other Threads:
  0x00000000566b0800 VMThread [stack: 0x0000000057790000,0x0000000057890000] [id=7636]
  0x00000000567b0800 WatcherThread [stack: 0x0000000058410000,0x0000000058510000] [id=7776]

VM state:not at safepoint (normal execution)

VM Mutex/Monitor currently owned by a thread:  ([mutex/lock_event])
[0x00000000024ad0c0] MethodData_lock - owner thread: 0x0000000000000000

Heap:
 PSYoungGen      total 53248K, used 37002K [0x00000000eab00000, 0x00000000ee300000, 0x0000000100000000)
  eden space 49152K, 66% used [0x00000000eab00000,0x00000000ecb280c8,0x00000000edb00000)
  from space 4096K, 99% used [0x00000000edf00000,0x00000000ee2fa748,0x00000000ee300000)
  to   space 4096K, 0% used [0x00000000edb00000,0x00000000edb00000,0x00000000edf00000)
 ParOldGen       total 65536K, used 6253K [0x00000000c0000000, 0x00000000c4000000, 0x00000000eab00000)
  object space 65536K, 9% used [0x00000000c0000000,0x00000000c061b558,0x00000000c4000000)
 Metaspace       used 6063K, capacity 7088K, committed 7296K, reserved 1056768K
  class space    used 590K, capacity 616K, committed 640K, reserved 1048576K

Card table byte_map: [0x0000000011b90000,0x0000000011da0000] byte_map_base: 0x0000000011590000

Marking Bits: (ParMarkBitMap*) 0x000000005ca44040
 Begin Bits: [0x0000000012b70000, 0x0000000013b70000)
 End Bits:   [0x0000000013b70000, 0x0000000014b70000)

Polling page: 0x0000000000430000

CodeCache: size=245760Kb used=5866Kb max_used=5866Kb free=239893Kb
 bounds [0x00000000027d0000, 0x0000000002d90000, 0x00000000117d0000]
 total_blobs=1775 nmethods=1505 adapters=184
 compilation: enabled

Compilation events (10 events):
Event: 1.487 Thread 0x0000000056726000  897       3       java.util.TreeMap$PrivateEntryIterator::hasNext (13 bytes)
Event: 1.488 Thread 0x0000000056726000 nmethod 897 0x0000000002b4b410 code [0x0000000002b4b560, 0x0000000002b4b710]
Event: 1.488 Thread 0x0000000056726000  871       3       com.android.dx.dex.code.OutputFinisher::hasLocalInfo (75 bytes)
Event: 1.488 Thread 0x0000000056726000 nmethod 871 0x0000000002b4b790 code [0x0000000002b4b9a0, 0x0000000002b4c758]
Event: 1.488 Thread 0x0000000056726000  898       1       com.android.dx.rop.annotation.NameValuePair::getName (5 bytes)
Event: 1.488 Thread 0x0000000056726000 nmethod 898 0x0000000002b4cbd0 code [0x0000000002b4cd20, 0x0000000002b4ce30]
Event: 1.488 Thread 0x0000000056726000  899       1       com.android.dx.dex.file.DexFile::getMethodIds (5 bytes)
Event: 1.488 Thread 0x0000000056726000 nmethod 899 0x0000000002b4ce90 code [0x0000000002b4cfe0, 0x0000000002b4d0f0]
Event: 1.489 Thread 0x0000000056725000 nmethod 900 0x0000000002b503d0 code [0x0000000002b50560, 0x0000000002b50bc8]
Event: 1.489 Thread 0x0000000056711800 nmethod 856 0x0000000002b3aad0 code [0x0000000002b3ac40, 0x0000000002b3b2d8]

GC Heap History (0 events):
No events

Deoptimization events (1 events):
Event: 1.249 Thread 0x0000000056a15800 Uncommon trap: reason=unstable_if action=reinterpret pc=0x00000000029faee0 method=java.util.BitSet.nextSetBit(I)I @ 87

Internal exceptions (2 events):
Event: 0.243 Thread 0x00000000024ae000 Exception <a 'java/lang/NoSuchMethodError': Method sun.misc.Unsafe.defineClass(Ljava/lang/String;[BII)Ljava/lang/Class; name or signature does not match> (0x00000000eab12e38) thrown at [C:\re\workspace\8-2-build-windows-amd64-cygwin\jdk8u45\3627\hotspot\sr÷Ô…Ï?
Event: 0.243 Thread 0x00000000024ae000 Exception <a 'java/lang/NoSuchMethodError': Method sun.misc.Unsafe.prefetchRead(Ljava/lang/Object;J)V name or signature does not match> (0x00000000eab130c8) thrown at [C:\re\workspace\8-2-build-windows-amd64-cygwin\jdk8u45\3627\hotspot\src\share\vm\prims\j

Events (10 events):
Event: 1.249 Thread 0x0000000056a15800 DEOPT PACKING pc=0x00000000029faee0 sp=0x00000000589ce7f0
Event: 1.249 Thread 0x0000000056a15800 DEOPT UNPACKING pc=0x000000000281582a sp=0x00000000589ce788 mode 2
Event: 1.273 loading class java/util/DualPivotQuicksort
Event: 1.273 loading class java/util/DualPivotQuicksort done
Event: 1.376 Executing VM operation: ForceSafepoint
Event: 1.397 Executing VM operation: ForceSafepoint done
Event: 1.433 loading class com/android/dx/cf/attrib/AttRuntimeVisibleAnnotations
Event: 1.433 loading class com/android/dx/cf/attrib/AttRuntimeVisibleAnnotations done
Event: 1.475 loading class com/android/dx/rop/code/RegOps
Event: 1.475 loading class com/android/dx/rop/code/RegOps done


Dynamic libraries:
0x000000013f650000 - 0x000000013f687000 	C:\Program Files\Java\jdk1.8.0_45\bin\java.exe
0x00000000773b0000 - 0x0000000077559000 	C:\Windows\SYSTEM32\ntdll.dll
0x0000000077190000 - 0x00000000772af000 	C:\Windows\system32\kernel32.dll
0x000007fefd4b0000 - 0x000007fefd51c000 	C:\Windows\system32\KERNELBASE.dll
0x000007fefe7e0000 - 0x000007fefe8bb000 	C:\Windows\system32\ADVAPI32.dll
0x000007fefd590000 - 0x000007fefd62f000 	C:\Windows\system32\msvcrt.dll
0x000007feff310000 - 0x000007feff32f000 	C:\Windows\SYSTEM32\sechost.dll
0x000007fefef30000 - 0x000007feff05d000 	C:\Windows\system32\RPCRT4.dll
0x00000000772b0000 - 0x00000000773aa000 	C:\Windows\system32\USER32.dll
0x000007fefe4c0000 - 0x000007fefe527000 	C:\Windows\system32\GDI32.dll
0x000007fefd580000 - 0x000007fefd58e000 	C:\Windows\system32\LPK.dll
0x000007feff5f0000 - 0x000007feff6b9000 	C:\Windows\system32\USP10.dll
0x000007fefb810000 - 0x000007fefba04000 	C:\Windows\WinSxS\amd64_microsoft.windows.common-controls_6595b64144ccf1df_6.0.7601.17514_none_fa396087175ac9ac\COMCTL32.dll
0x000007fefe440000 - 0x000007fefe4b1000 	C:\Windows\system32\SHLWAPI.dll
0x000007fefe530000 - 0x000007fefe55e000 	C:\Windows\system32\IMM32.DLL
0x000007fefee20000 - 0x000007fefef29000 	C:\Windows\system32\MSCTF.dll
0x0000000062510000 - 0x00000000625e2000 	C:\Program Files\Java\jdk1.8.0_45\jre\bin\msvcr100.dll
0x000000005c240000 - 0x000000005cac3000 	C:\Program Files\Java\jdk1.8.0_45\jre\bin\server\jvm.dll
0x000007feed1f0000 - 0x000007feed1f9000 	C:\Windows\system32\WSOCK32.dll
0x000007fefe560000 - 0x000007fefe5ad000 	C:\Windows\system32\WS2_32.dll
0x000007feff410000 - 0x000007feff418000 	C:\Windows\system32\NSI.dll
0x000007fefb2b0000 - 0x000007fefb2eb000 	C:\Windows\system32\WINMM.dll
0x000007fefc290000 - 0x000007fefc29c000 	C:\Windows\system32\VERSION.dll
0x0000000077570000 - 0x0000000077577000 	C:\Windows\system32\PSAPI.DLL
0x00000000624e0000 - 0x00000000624ef000 	C:\Program Files\Java\jdk1.8.0_45\jre\bin\verify.dll
0x000000005e760000 - 0x000000005e789000 	C:\Program Files\Java\jdk1.8.0_45\jre\bin\java.dll
0x000000005f250000 - 0x000000005f266000 	C:\Program Files\Java\jdk1.8.0_45\jre\bin\zip.dll
0x000007fefd6b0000 - 0x000007fefe438000 	C:\Windows\system32\SHELL32.dll
0x000007fefe5b0000 - 0x000007fefe7b3000 	C:\Windows\system32\ole32.dll
0x000007fefd1c0000 - 0x000007fefd1cf000 	C:\Windows\system32\profapi.dll
0x000007fef2d70000 - 0x000007fef2e95000 	C:\Windows\system32\dbghelp.dll

VM Arguments:
jvm_args: -Xmx1024M -Dfile.encoding=x-windows-949 -Duser.country=KR -Duser.language=ko -Duser.variant 
java_command: com.android.dx.command.Main --dex --num-threads=4 --output C:\Users\Administrator\Documents\GitHub\20160201\app\build\intermediates\pre-dexed\debug\classes-99abdaeff6c4dbd5471224b39451f83a1f4d5437.jar C:\Users\Administrator\Documents\GitHub\20160201\app\build\intermediates\exploded-aar\com.android.support\support-v4\22.2.1\jars\classes.jar
java_class_path (initial): C:\Users\Administrator\AppData\Local\Android\sdk1\build-tools\23.0.1\lib\dx.jar
Launcher Type: SUN_STANDARD

Environment Variables:
JAVA_HOME=C:\Program Files\Java\jdk1.8.0_45
PATH=C:\ProgramData\Oracle\Java\javapath;C:\Windows\system32;C:\Windows;C:\Windows\System32\Wbem;C:\Windows\System32\WindowsPowerShell\v1.0\;C:\Program Files (x86)\NVIDIA Corporation\PhysX\Common;C:\Program Files\Java\jdk1.8.0_45\bin;C:\Windows\system32\config\systemprofile\.dnx\bin;C:\Program Files\Microsoft DNX\Dnvm\;C:\Program Files (x86)\Windows Kits\8.1\Windows Performance Toolkit\;C:\Program Files (x86)\MySQL\MySQL Server 5.1\bin;C:\Program Files (x86)\Skype\Phone\;%MYSQL_HOME%/bin
USERNAME=Administrator
OS=Windows_NT
PROCESSOR_IDENTIFIER=AMD64 Family 21 Model 2 Stepping 0, AuthenticAMD



---------------  S Y S T E M  ---------------

OS: Windows 7 , 64 bit Build 7601 (6.1.7601.18409)

CPU:total 8 (8 cores per cpu, 1 threads per core) family 21 model 2 stepping 0, cmov, cx8, fxsr, mmx, sse, sse2, sse3, ssse3, sse4.1, sse4.2, popcnt, avx, aes, clmul, mmxext, 3dnowpref, lzcnt, sse4a, tsc, tscinvbit, tscinv, bmi1

Memory: 4k page, physical 6247144k(1062380k free), swap 7655764k(131684k free)

vm_info: Java HotSpot(TM) 64-Bit Server VM (25.45-b02) for windows-amd64 JRE (1.8.0_45-b15), built on Apr 30 2015 12:40:44 by "java_re" with MS VC++ 10.0 (VS2010)

time: Mon Feb 15 22:20:56 2016
elapsed time: 2 seconds (0d 0h 0m 2s)

